<?xml version="1.0" encoding="UTF-8"?>
<!-- Generated by org.testng.reporters.JUnitXMLReporter -->
<testsuite ignored="0" hostname="LAPTOP-4GHHF3C6" failures="0" tests="4" name="ChromeTest" time="97.257" errors="0" timestamp="2023-03-30T22:10:32 IST">
  <testcase classname="Testpack.VerifyToDesktop" name="VerifyToDesktopTab" time="0.831"/>
  <testcase classname="Testpack.VerifyToFeatures" name="VerifyToDesktopTab" time="4.391"/>
  <testcase classname="Testpack.VerifyToDesktop" name="verifyTofeatures" time="2.017"/>
  <testcase classname="Testpack.VerifyToFeatures" name="verifyTofeatures" time="0.748"/>
</testsuite> <!-- ChromeTest -->
