<?xml version="1.0" encoding="UTF-8"?>
<!-- Generated by org.testng.reporters.JUnitXMLReporter -->
<testsuite ignored="0" hostname="LAPTOP-4GHHF3C6" failures="0" tests="4" name="MsedgeTest" time="63.373" errors="0" timestamp="2023-03-30T22:11:35 IST">
  <testcase classname="Testpack.VerifyToDesktop" name="VerifyToDesktopTab" time="4.317"/>
  <testcase classname="Testpack.VerifyToDesktop" name="verifyTofeatures" time="0.851"/>
  <testcase classname="Testpack.VerifyToFeatures" name="VerifyToDesktopTab" time="4.41"/>
  <testcase classname="Testpack.VerifyToFeatures" name="verifyTofeatures" time="1.158"/>
</testsuite> <!-- MsedgeTest -->
